time="2023-02-12T18:12:18Z" level=info msg="create router" func="main.main()" file="app.go:26"
time="2023-02-12T18:12:18Z" level=info msg="read application configuration" func="github.com/polyfit-live/polyfit/backend/internal/config.GetConfig.func1()" file="config.go:35"
time="2023-02-12T18:12:34Z" level=info msg="create router" func="main.main()" file="app.go:26"
time="2023-02-12T18:12:34Z" level=info msg="read application configuration" func="github.com/polyfit-live/polyfit/backend/internal/config.GetConfig.func1()" file="config.go:35"
time="2023-02-12T18:12:49Z" level=info msg="create router" func="main.main()" file="app.go:26"
time="2023-02-12T18:12:49Z" level=info msg="read application configuration" func="github.com/polyfit-live/polyfit/backend/internal/config.GetConfig.func1()" file="config.go:35"
time="2023-02-12T18:13:05Z" level=info msg="create router" func="main.main()" file="app.go:26"
time="2023-02-12T18:13:05Z" level=info msg="read application configuration" func="github.com/polyfit-live/polyfit/backend/internal/config.GetConfig.func1()" file="config.go:35"
time="2023-02-12T18:13:20Z" level=info msg="create router" func="main.main()" file="app.go:26"
time="2023-02-12T18:13:20Z" level=info msg="read application configuration" func="github.com/polyfit-live/polyfit/backend/internal/config.GetConfig.func1()" file="config.go:35"
time="2023-02-12T18:13:35Z" level=info msg="create router" func="main.main()" file="app.go:26"
time="2023-02-12T18:13:35Z" level=info msg="read application configuration" func="github.com/polyfit-live/polyfit/backend/internal/config.GetConfig.func1()" file="config.go:35"
time="2023-02-12T18:13:51Z" level=info msg="create router" func="main.main()" file="app.go:26"
time="2023-02-12T18:13:51Z" level=info msg="read application configuration" func="github.com/polyfit-live/polyfit/backend/internal/config.GetConfig.func1()" file="config.go:35"
time="2023-02-12T18:14:06Z" level=info msg="create router" func="main.main()" file="app.go:26"
time="2023-02-12T18:14:06Z" level=info msg="read application configuration" func="github.com/polyfit-live/polyfit/backend/internal/config.GetConfig.func1()" file="config.go:35"
time="2023-02-12T18:14:22Z" level=info msg="create router" func="main.main()" file="app.go:26"
time="2023-02-12T18:14:22Z" level=info msg="read application configuration" func="github.com/polyfit-live/polyfit/backend/internal/config.GetConfig.func1()" file="config.go:35"
time="2023-02-12T18:14:37Z" level=info msg="create router" func="main.main()" file="app.go:26"
time="2023-02-12T18:14:37Z" level=info msg="read application configuration" func="github.com/polyfit-live/polyfit/backend/internal/config.GetConfig.func1()" file="config.go:35"
time="2023-02-12T18:14:53Z" level=info msg="create router" func="main.main()" file="app.go:26"
time="2023-02-12T18:14:53Z" level=info msg="read application configuration" func="github.com/polyfit-live/polyfit/backend/internal/config.GetConfig.func1()" file="config.go:35"
time="2023-02-12T18:15:08Z" level=info msg="create router" func="main.main()" file="app.go:26"
time="2023-02-12T18:15:08Z" level=info msg="read application configuration" func="github.com/polyfit-live/polyfit/backend/internal/config.GetConfig.func1()" file="config.go:35"
time="2023-02-12T18:15:23Z" level=info msg="create router" func="main.main()" file="app.go:26"
time="2023-02-12T18:15:23Z" level=info msg="read application configuration" func="github.com/polyfit-live/polyfit/backend/internal/config.GetConfig.func1()" file="config.go:35"
time="2023-02-12T18:15:39Z" level=info msg="create router" func="main.main()" file="app.go:26"
time="2023-02-12T18:15:39Z" level=info msg="read application configuration" func="github.com/polyfit-live/polyfit/backend/internal/config.GetConfig.func1()" file="config.go:35"
time="2023-02-12T18:15:54Z" level=info msg="create router" func="main.main()" file="app.go:26"
time="2023-02-12T18:15:54Z" level=info msg="read application configuration" func="github.com/polyfit-live/polyfit/backend/internal/config.GetConfig.func1()" file="config.go:35"
time="2023-02-12T18:16:10Z" level=info msg="create router" func="main.main()" file="app.go:26"
time="2023-02-12T18:16:10Z" level=info msg="read application configuration" func="github.com/polyfit-live/polyfit/backend/internal/config.GetConfig.func1()" file="config.go:35"
time="2023-02-12T18:16:25Z" level=info msg="create router" func="main.main()" file="app.go:26"
time="2023-02-12T18:16:25Z" level=info msg="read application configuration" func="github.com/polyfit-live/polyfit/backend/internal/config.GetConfig.func1()" file="config.go:35"
time="2023-02-12T18:16:41Z" level=info msg="create router" func="main.main()" file="app.go:26"
time="2023-02-12T18:16:41Z" level=info msg="read application configuration" func="github.com/polyfit-live/polyfit/backend/internal/config.GetConfig.func1()" file="config.go:35"
time="2023-02-12T18:16:56Z" level=info msg="create router" func="main.main()" file="app.go:26"
time="2023-02-12T18:16:56Z" level=info msg="read application configuration" func="github.com/polyfit-live/polyfit/backend/internal/config.GetConfig.func1()" file="config.go:35"
time="2023-02-12T18:17:12Z" level=info msg="create router" func="main.main()" file="app.go:26"
time="2023-02-12T18:17:12Z" level=info msg="read application configuration" func="github.com/polyfit-live/polyfit/backend/internal/config.GetConfig.func1()" file="config.go:35"
time="2023-02-12T18:17:27Z" level=info msg="create router" func="main.main()" file="app.go:26"
time="2023-02-12T18:17:27Z" level=info msg="read application configuration" func="github.com/polyfit-live/polyfit/backend/internal/config.GetConfig.func1()" file="config.go:35"
time="2023-02-12T18:17:42Z" level=info msg="create router" func="main.main()" file="app.go:26"
time="2023-02-12T18:17:42Z" level=info msg="read application configuration" func="github.com/polyfit-live/polyfit/backend/internal/config.GetConfig.func1()" file="config.go:35"
time="2023-02-12T18:17:58Z" level=info msg="create router" func="main.main()" file="app.go:26"
time="2023-02-12T18:17:58Z" level=info msg="read application configuration" func="github.com/polyfit-live/polyfit/backend/internal/config.GetConfig.func1()" file="config.go:35"
time="2023-02-12T18:18:13Z" level=info msg="create router" func="main.main()" file="app.go:26"
time="2023-02-12T18:18:13Z" level=info msg="read application configuration" func="github.com/polyfit-live/polyfit/backend/internal/config.GetConfig.func1()" file="config.go:35"
time="2023-02-12T18:18:29Z" level=info msg="create router" func="main.main()" file="app.go:26"
time="2023-02-12T18:18:29Z" level=info msg="read application configuration" func="github.com/polyfit-live/polyfit/backend/internal/config.GetConfig.func1()" file="config.go:35"
time="2023-02-12T18:18:44Z" level=info msg="create router" func="main.main()" file="app.go:26"
time="2023-02-12T18:18:44Z" level=info msg="read application configuration" func="github.com/polyfit-live/polyfit/backend/internal/config.GetConfig.func1()" file="config.go:35"
time="2023-02-12T18:19:00Z" level=info msg="create router" func="main.main()" file="app.go:26"
time="2023-02-12T18:19:00Z" level=info msg="read application configuration" func="github.com/polyfit-live/polyfit/backend/internal/config.GetConfig.func1()" file="config.go:35"
time="2023-02-12T18:19:15Z" level=info msg="create router" func="main.main()" file="app.go:26"
time="2023-02-12T18:19:15Z" level=info msg="read application configuration" func="github.com/polyfit-live/polyfit/backend/internal/config.GetConfig.func1()" file="config.go:35"
time="2023-02-12T18:19:31Z" level=info msg="create router" func="main.main()" file="app.go:26"
time="2023-02-12T18:19:31Z" level=info msg="read application configuration" func="github.com/polyfit-live/polyfit/backend/internal/config.GetConfig.func1()" file="config.go:35"
time="2023-02-12T18:19:46Z" level=info msg="create router" func="main.main()" file="app.go:26"
time="2023-02-12T18:19:46Z" level=info msg="read application configuration" func="github.com/polyfit-live/polyfit/backend/internal/config.GetConfig.func1()" file="config.go:35"
time="2023-02-12T18:20:02Z" level=info msg="create router" func="main.main()" file="app.go:26"
time="2023-02-12T18:20:02Z" level=info msg="read application configuration" func="github.com/polyfit-live/polyfit/backend/internal/config.GetConfig.func1()" file="config.go:35"
time="2023-02-12T18:20:17Z" level=info msg="create router" func="main.main()" file="app.go:26"
time="2023-02-12T18:20:17Z" level=info msg="read application configuration" func="github.com/polyfit-live/polyfit/backend/internal/config.GetConfig.func1()" file="config.go:35"
time="2023-02-12T18:20:33Z" level=info msg="create router" func="main.main()" file="app.go:26"
time="2023-02-12T18:20:33Z" level=info msg="read application configuration" func="github.com/polyfit-live/polyfit/backend/internal/config.GetConfig.func1()" file="config.go:35"
time="2023-02-12T18:20:49Z" level=info msg="create router" func="main.main()" file="app.go:26"
time="2023-02-12T18:20:49Z" level=info msg="read application configuration" func="github.com/polyfit-live/polyfit/backend/internal/config.GetConfig.func1()" file="config.go:35"
time="2023-02-12T18:24:11Z" level=info msg="create router" func="main.main()" file="app.go:26"
time="2023-02-12T18:24:11Z" level=info msg="read application configuration" func="github.com/polyfit-live/polyfit/backend/internal/config.GetConfig.func1()" file="config.go:35"
time="2023-02-12T18:24:11Z" level=info msg="register workouts handler" func="main.main()" file="app.go:38"
time="2023-02-12T18:24:11Z" level=info msg="register exercise handler" func="main.main()" file="app.go:42"
time="2023-02-12T18:24:11Z" level=info msg="start application" func="main.start()" file="app.go:51"
time="2023-02-12T18:24:11Z" level=info msg="listen tcp" func="main.start()" file="app.go:69"
time="2023-02-12T18:24:11Z" level=info msg="server is listening port 127.0.0.1:8087" func="main.start()" file="app.go:71"
time="2023-02-12T18:38:29Z" level=info msg="create router" func="main.main()" file="app.go:26"
time="2023-02-12T18:38:29Z" level=info msg="read application configuration" func="github.com/polyfit-live/polyfit/backend/internal/config.GetConfig.func1()" file="config.go:35"
time="2023-02-12T18:38:29Z" level=info msg="register workouts handler" func="main.main()" file="app.go:38"
time="2023-02-12T18:38:29Z" level=info msg="register exercise handler" func="main.main()" file="app.go:42"
time="2023-02-12T18:38:29Z" level=info msg="start application" func="main.start()" file="app.go:51"
time="2023-02-12T18:38:29Z" level=info msg="listen tcp" func="main.start()" file="app.go:69"
time="2023-02-12T18:38:29Z" level=info msg="server is listening port 127.0.0.1:8087" func="main.start()" file="app.go:71"
time="2023-02-12T18:43:27Z" level=info msg="Find all exercises" func="github.com/polyfit-live/polyfit/backend/internal/exercise.(*handler).FindAll()" file="handler.go:91"
time="2023-02-12T18:43:27Z" level=trace msg="SQL Query:  SELECT * FROM exercise; " func="github.com/polyfit-live/polyfit/backend/internal/exercise/db.(*repository).FindAll()" file="postgresql.go:103"
time="2023-02-13T22:22:24Z" level=info msg="create router" func="main.main()" file="app.go:26"
time="2023-02-13T22:22:24Z" level=info msg="read application configuration" func="github.com/polyfit-live/polyfit/backend/internal/config.GetConfig.func1()" file="config.go:35"
time="2023-02-13T22:22:24Z" level=info msg="Environment variables:\n  APP_LISTEN string\n    \t\n  APP_URL string\n    \t\n  APP_PORT string\n    \t\n  DB_HOST string\n    \t\n  DB_PORT string\n    \t\n  DB_DATABASE string\n    \t\n  DB_USERNAME string\n    \t\n  DB_PASSWORD string\n    \t" func="github.com/polyfit-live/polyfit/backend/internal/config.GetConfig.func1()" file="config.go:39"
time="2023-02-13T22:22:24Z" level=fatal msg="open config.yml: no such file or directory" func="github.com/polyfit-live/polyfit/backend/internal/config.GetConfig.func1()" file="config.go:40"
time="2023-02-13T22:23:50Z" level=info msg="create router" func="main.main()" file="app.go:26"
time="2023-02-13T22:23:50Z" level=info msg="read application configuration" func="github.com/polyfit-live/polyfit/backend/internal/config.GetConfig.func1()" file="config.go:35"
time="2023-02-13T22:23:50Z" level=info msg="Environment variables:\n  APP_LISTEN string\n    \t\n  APP_URL string\n    \t\n  APP_PORT string\n    \t\n  DB_HOST string\n    \t\n  DB_PORT string\n    \t\n  DB_DATABASE string\n    \t\n  DB_USERNAME string\n    \t\n  DB_PASSWORD string\n    \t" func="github.com/polyfit-live/polyfit/backend/internal/config.GetConfig.func1()" file="config.go:39"
time="2023-02-13T22:23:50Z" level=fatal msg="field \"IsDebug\" is required but the value is not provided" func="github.com/polyfit-live/polyfit/backend/internal/config.GetConfig.func1()" file="config.go:40"
time="2023-02-13T22:27:56Z" level=info msg="create router" func="main.main()" file="app.go:26"
time="2023-02-13T22:27:56Z" level=info msg="read application configuration" func="github.com/polyfit-live/polyfit/backend/internal/config.GetConfig.func1()" file="config.go:35"
time="2023-02-13T22:27:56Z" level=info msg="Environment variables:\n  APP_DEBUG ptr\n    \t\n  APP_LISTEN string\n    \t\n  APP_URL string\n    \t\n  APP_PORT string\n    \t\n  DB_HOST string\n    \t\n  DB_PORT string\n    \t\n  DB_DATABASE string\n    \t\n  DB_USERNAME string\n    \t\n  DB_PASSWORD string\n    \t" func="github.com/polyfit-live/polyfit/backend/internal/config.GetConfig.func1()" file="config.go:39"
time="2023-02-13T22:27:56Z" level=fatal msg="unsupported type ." func="github.com/polyfit-live/polyfit/backend/internal/config.GetConfig.func1()" file="config.go:40"
time="2023-02-13T22:38:01Z" level=info msg="create router" func="main.main()" file="app.go:26"
time="2023-02-13T22:38:01Z" level=info msg="read application configuration" func="github.com/polyfit-live/polyfit/backend/internal/config.GetConfig.func1()" file="config.go:35"
time="2023-02-13T22:38:01Z" level=info msg="Environment variables:\n  APP_DEBUG ptr\n    \t\n  APP_LISTEN string\n    \t\n  APP_URL string\n    \t\n  APP_PORT string\n    \t\n  DB_HOST string\n    \t\n  DB_PORT string\n    \t\n  DB_DATABASE string\n    \t\n  DB_USERNAME string\n    \t\n  DB_PASSWORD string\n    \t" func="github.com/polyfit-live/polyfit/backend/internal/config.GetConfig.func1()" file="config.go:39"
time="2023-02-13T22:38:01Z" level=fatal msg="unsupported type ." func="github.com/polyfit-live/polyfit/backend/internal/config.GetConfig.func1()" file="config.go:40"
time="2023-02-13T22:43:47Z" level=info msg="create router" func="main.main()" file="app.go:26"
time="2023-02-13T22:43:47Z" level=info msg="read application configuration" func="github.com/polyfit-live/polyfit/backend/internal/config.GetConfig.func1()" file="config.go:35"
time="2023-02-13T22:43:47Z" level=info msg="Environment variables:\n  APP_DEBUG ptr\n    \t\n  APP_LISTEN string\n    \t\n  APP_URL string\n    \t\n  APP_PORT string\n    \t\n  DB_HOST string\n    \t\n  DB_PORT string\n    \t\n  DB_DATABASE string\n    \t\n  DB_USERNAME string\n    \t\n  DB_PASSWORD string\n    \t" func="github.com/polyfit-live/polyfit/backend/internal/config.GetConfig.func1()" file="config.go:38"
time="2023-02-13T22:43:47Z" level=fatal msg="unsupported type ." func="github.com/polyfit-live/polyfit/backend/internal/config.GetConfig.func1()" file="config.go:39"
time="2023-02-13T22:46:10Z" level=info msg="create router" func="main.main()" file="app.go:26"
time="2023-02-13T22:46:10Z" level=info msg="read application configuration" func="github.com/polyfit-live/polyfit/backend/internal/config.GetConfig.func1()" file="config.go:35"
time="2023-02-13T22:46:10Z" level=info msg="Environment variables:\n  APP_DEBUG ptr\n    \t\n  APP_LISTEN string\n    \t\n  APP_URL string\n    \t\n  APP_PORT string\n    \t\n  DB_HOST string\n    \t\n  DB_PORT string\n    \t\n  DB_DATABASE string\n    \t\n  DB_USERNAME string\n    \t\n  DB_PASSWORD string\n    \t" func="github.com/polyfit-live/polyfit/backend/internal/config.GetConfig.func1()" file="config.go:39"
time="2023-02-13T22:46:10Z" level=fatal msg="unsupported type ." func="github.com/polyfit-live/polyfit/backend/internal/config.GetConfig.func1()" file="config.go:40"
time="2023-02-13T22:51:37Z" level=info msg="create router" func="main.main()" file="app.go:26"
time="2023-02-13T22:51:37Z" level=info msg="read application configuration" func="github.com/polyfit-live/polyfit/backend/internal/config.GetConfig.func1()" file="config.go:35"
time="2023-02-13T22:51:37Z" level=fatal msg="unsupported type ." func="github.com/polyfit-live/polyfit/backend/internal/config.GetConfig.func1()" file="config.go:37"
time="2023-02-13T22:53:45Z" level=info msg="create router" func="main.main()" file="app.go:26"
time="2023-02-13T22:53:45Z" level=info msg="read application configuration" func="github.com/polyfit-live/polyfit/backend/internal/config.GetConfig.func1()" file="config.go:35"
time="2023-02-13T22:53:45Z" level=fatal msg="unsupported type ." func="github.com/polyfit-live/polyfit/backend/internal/config.GetConfig.func1()" file="config.go:37"
time="2023-02-13T22:54:36Z" level=info msg="create router" func="main.main()" file="app.go:26"
time="2023-02-13T22:54:36Z" level=info msg="read application configuration" func="github.com/polyfit-live/polyfit/backend/internal/config.GetConfig.func1()" file="config.go:35"
time="2023-02-13T22:54:36Z" level=fatal msg="unsupported type ." func="github.com/polyfit-live/polyfit/backend/internal/config.GetConfig.func1()" file="config.go:37"
time="2023-02-13T22:58:18Z" level=info msg="create router" func="main.main()" file="app.go:26"
time="2023-02-13T22:58:18Z" level=info msg="read application configuration" func="github.com/polyfit-live/polyfit/backend/internal/config.GetConfig.func1()" file="config.go:36"
time="2023-02-13T23:00:46Z" level=info msg="create router" func="main.main()" file="app.go:26"
time="2023-02-13T23:00:46Z" level=info msg="read application configuration" func="github.com/polyfit-live/polyfit/backend/internal/config.GetConfig.func1()" file="config.go:36"
time="2023-02-14T00:20:01Z" level=info msg="create router" func="main.main()" file="app.go:26"
time="2023-02-14T00:20:01Z" level=info msg="read application configuration" func="github.com/polyfit-live/polyfit/backend/internal/config.GetConfig.func1()" file="config.go:35"
time="2023-02-14T00:23:07Z" level=info msg="create router" func="main.main()" file="app.go:26"
time="2023-02-14T00:34:44Z" level=info msg="create router" func="main.main()" file="app.go:26"
time="2023-02-14T00:34:44Z" level=info msg="read application configuration" func="github.com/polyfit-live/polyfit/backend/internal/config.GetConfig.func1()" file="config.go:35"
time="2023-02-14T00:34:44Z" level=info msg="Environment variables:\n  APP_DEBUG ptr\n    \t\n  APP_LISTEN string\n    \t\n  APP_URL string\n    \t\n  APP_PORT string\n    \t\n  DB_HOST string\n    \t\n  DB_PORT string\n    \t\n  DB_DATABASE string\n    \t\n  DB_USERNAME string\n    \t\n  DB_PASSWORD string\n    \t" func="github.com/polyfit-live/polyfit/backend/internal/config.GetConfig.func1()" file="config.go:39"
time="2023-02-14T00:34:44Z" level=fatal msg="open config.yml: no such file or directory" func="github.com/polyfit-live/polyfit/backend/internal/config.GetConfig.func1()" file="config.go:40"
time="2023-02-14T00:36:39Z" level=info msg="create router" func="main.main()" file="app.go:26"
time="2023-02-14T00:36:39Z" level=info msg="read application configuration" func="github.com/polyfit-live/polyfit/backend/internal/config.GetConfig.func1()" file="config.go:35"
time="2023-02-14T00:36:39Z" level=info msg="Environment variables:\n  APP_DEBUG ptr\n    \t\n  APP_LISTEN string\n    \t\n  APP_URL string\n    \t\n  APP_PORT string\n    \t\n  DB_HOST string\n    \t\n  DB_PORT string\n    \t\n  DB_DATABASE string\n    \t\n  DB_USERNAME string\n    \t\n  DB_PASSWORD string\n    \t" func="github.com/polyfit-live/polyfit/backend/internal/config.GetConfig.func1()" file="config.go:39"
time="2023-02-14T00:36:39Z" level=fatal msg="unsupported type ." func="github.com/polyfit-live/polyfit/backend/internal/config.GetConfig.func1()" file="config.go:40"
time="2023-02-14T06:49:32Z" level=info msg="create router" func="main.main()" file="app.go:26"
time="2023-02-14T06:49:32Z" level=info msg="read application configuration" func="github.com/polyfit-live/polyfit/backend/internal/config.GetConfig.func1()" file="config.go:35"
time="2023-02-14T06:51:23Z" level=info msg="create router" func="main.main()" file="app.go:26"
time="2023-02-14T06:51:23Z" level=info msg="read application configuration" func="github.com/polyfit-live/polyfit/backend/internal/config.GetConfig.func1()" file="config.go:35"
time="2023-02-14T06:54:25Z" level=info msg="create router" func="main.main()" file="app.go:26"
time="2023-02-14T06:54:25Z" level=info msg="read application configuration" func="github.com/polyfit-live/polyfit/backend/internal/config.GetConfig.func1()" file="config.go:35"
time="2023-02-14T06:56:18Z" level=info msg="create router" func="main.main()" file="app.go:26"
time="2023-02-14T06:56:18Z" level=info msg="read application configuration" func="github.com/polyfit-live/polyfit/backend/internal/config.GetConfig.func1()" file="config.go:35"
time="2023-02-14T06:57:23Z" level=info msg="create router" func="main.main()" file="app.go:26"
time="2023-02-14T06:57:23Z" level=info msg="read application configuration" func="github.com/polyfit-live/polyfit/backend/internal/config.GetConfig.func1()" file="config.go:35"
time="2023-02-14T07:40:06Z" level=info msg="create router" func="main.main()" file="app.go:26"
time="2023-02-14T07:40:06Z" level=info msg="read application configuration" func="github.com/polyfit-live/polyfit/backend/internal/config.GetConfig.func1()" file="config.go:35"
time="2023-02-14T08:23:41Z" level=info msg="create router" func="main.main()" file="app.go:26"
time="2023-02-14T08:23:41Z" level=info msg="read application configuration" func="github.com/polyfit-live/polyfit/backend/internal/config.GetConfig.func1()" file="config.go:35"
time="2023-02-14T08:26:09Z" level=info msg="create router" func="main.main()" file="app.go:26"
time="2023-02-14T08:26:09Z" level=info msg="read application configuration" func="github.com/polyfit-live/polyfit/backend/internal/config.GetConfig.func1()" file="config.go:35"
time="2023-02-14T08:26:42Z" level=info msg="create router" func="main.main()" file="app.go:26"
time="2023-02-14T08:26:42Z" level=info msg="read application configuration" func="github.com/polyfit-live/polyfit/backend/internal/config.GetConfig.func1()" file="config.go:35"
time="2023-02-14T08:28:44Z" level=info msg="create router" func="main.main()" file="app.go:26"
time="2023-02-14T08:28:44Z" level=info msg="read application configuration" func="github.com/polyfit-live/polyfit/backend/internal/config.GetConfig.func1()" file="config.go:35"
time="2023-02-14T08:29:51Z" level=info msg="create router" func="main.main()" file="app.go:26"
time="2023-02-14T08:29:51Z" level=info msg="read application configuration" func="github.com/polyfit-live/polyfit/backend/internal/config.GetConfig.func1()" file="config.go:35"
time="2023-02-14T08:31:14Z" level=info msg="create router" func="main.main()" file="app.go:26"
time="2023-02-14T08:31:14Z" level=info msg="read application configuration" func="github.com/polyfit-live/polyfit/backend/internal/config.GetConfig.func1()" file="config.go:35"
time="2023-02-14T08:33:51Z" level=info msg="create router" func="main.main()" file="app.go:26"
time="2023-02-14T08:33:51Z" level=info msg="read application configuration" func="github.com/polyfit-live/polyfit/backend/internal/config.GetConfig.func1()" file="config.go:35"
time="2023-02-14T08:34:52Z" level=info msg="create router" func="main.main()" file="app.go:26"
time="2023-02-14T08:34:52Z" level=info msg="read application configuration" func="github.com/polyfit-live/polyfit/backend/internal/config.GetConfig.func1()" file="config.go:35"
time="2023-02-14T08:36:05Z" level=info msg="create router" func="main.main()" file="app.go:26"
time="2023-02-14T08:36:05Z" level=info msg="read application configuration" func="github.com/polyfit-live/polyfit/backend/internal/config.GetConfig.func1()" file="config.go:35"
time="2023-02-14T09:23:06Z" level=info msg="create router" func="main.main()" file="app.go:26"
time="2023-02-14T09:23:06Z" level=info msg="read application configuration" func="github.com/polyfit-live/polyfit/backend/internal/config.GetConfig.func1()" file="config.go:35"
time="2023-02-14T09:42:41Z" level=info msg="create router" func="main.main()" file="app.go:26"
time="2023-02-14T09:42:41Z" level=info msg="read application configuration" func="github.com/polyfit-live/polyfit/backend/internal/config.GetConfig.func1()" file="config.go:35"
time="2023-02-14T09:43:09Z" level=info msg="create router" func="main.main()" file="app.go:26"
time="2023-02-14T09:43:09Z" level=info msg="read application configuration" func="github.com/polyfit-live/polyfit/backend/internal/config.GetConfig.func1()" file="config.go:35"
time="2023-02-14T09:43:44Z" level=info msg="create router" func="main.main()" file="app.go:26"
time="2023-02-14T09:43:44Z" level=info msg="read application configuration" func="github.com/polyfit-live/polyfit/backend/internal/config.GetConfig.func1()" file="config.go:35"
time="2023-02-14T09:45:38Z" level=info msg="create router" func="main.main()" file="app.go:26"
time="2023-02-14T09:45:38Z" level=info msg="read application configuration" func="github.com/polyfit-live/polyfit/backend/internal/config.GetConfig.func1()" file="config.go:35"
time="2023-02-14T09:50:23Z" level=info msg="create router" func="main.main()" file="app.go:26"
time="2023-02-14T09:50:23Z" level=info msg="read application configuration" func="github.com/polyfit-live/polyfit/backend/internal/config.GetConfig.func1()" file="config.go:35"
time="2023-02-14T09:52:16Z" level=info msg="create router" func="main.main()" file="app.go:26"
time="2023-02-14T09:52:16Z" level=info msg="read application configuration" func="github.com/polyfit-live/polyfit/backend/internal/config.GetConfig.func1()" file="config.go:35"
time="2023-02-14T09:55:07Z" level=info msg="create router" func="main.main()" file="app.go:26"
time="2023-02-14T09:55:07Z" level=info msg="read application configuration" func="github.com/polyfit-live/polyfit/backend/internal/config.GetConfig.func1()" file="config.go:35"
time="2023-02-14T09:57:17Z" level=info msg="create router" func="main.main()" file="app.go:26"
time="2023-02-14T09:57:17Z" level=info msg="read application configuration" func="github.com/polyfit-live/polyfit/backend/internal/config.GetConfig.func1()" file="config.go:35"
time="2023-02-14T16:49:55Z" level=info msg="create router" func="main.main()" file="app.go:26"
time="2023-02-14T16:49:55Z" level=info msg="read application configuration" func="github.com/polyfit-live/polyfit/backend/internal/config.GetConfig.func1()" file="config.go:35"
time="2023-02-14T16:54:32Z" level=info msg="create router" func="main.main()" file="app.go:26"
time="2023-02-14T16:54:32Z" level=info msg="read application configuration" func="github.com/polyfit-live/polyfit/backend/internal/config.GetConfig.func1()" file="config.go:35"
time="2023-02-14T16:55:32Z" level=info msg="create router" func="main.main()" file="app.go:26"
time="2023-02-14T16:55:32Z" level=info msg="read application configuration" func="github.com/polyfit-live/polyfit/backend/internal/config.GetConfig.func1()" file="config.go:35"
time="2023-02-14T16:56:27Z" level=info msg="create router" func="main.main()" file="app.go:26"
time="2023-02-14T16:56:27Z" level=info msg="read application configuration" func="github.com/polyfit-live/polyfit/backend/internal/config.GetConfig.func1()" file="config.go:35"
time="2023-02-14T16:57:02Z" level=info msg="create router" func="main.main()" file="app.go:26"
time="2023-02-14T16:57:02Z" level=info msg="read application configuration" func="github.com/polyfit-live/polyfit/backend/internal/config.GetConfig.func1()" file="config.go:35"
time="2023-02-14T16:57:35Z" level=info msg="create router" func="main.main()" file="app.go:26"
time="2023-02-14T16:57:35Z" level=info msg="read application configuration" func="github.com/polyfit-live/polyfit/backend/internal/config.GetConfig.func1()" file="config.go:35"
time="2023-02-14T16:59:53Z" level=info msg="create router" func="main.main()" file="app.go:26"
time="2023-02-14T16:59:53Z" level=info msg="read application configuration" func="github.com/polyfit-live/polyfit/backend/internal/config.GetConfig.func1()" file="config.go:35"
time="2023-02-14T17:01:19Z" level=info msg="create router" func="main.main()" file="app.go:26"
time="2023-02-14T17:01:19Z" level=info msg="read application configuration" func="github.com/polyfit-live/polyfit/backend/internal/config.GetConfig.func1()" file="config.go:35"
time="2023-02-14T17:02:15Z" level=info msg="create router" func="main.main()" file="app.go:26"
time="2023-02-14T17:02:15Z" level=info msg="read application configuration" func="github.com/polyfit-live/polyfit/backend/internal/config.GetConfig.func1()" file="config.go:35"
time="2023-02-14T17:03:53Z" level=info msg="create router" func="main.main()" file="app.go:26"
time="2023-02-14T17:03:53Z" level=info msg="read application configuration" func="github.com/polyfit-live/polyfit/backend/internal/config.GetConfig.func1()" file="config.go:35"
time="2023-02-14T17:32:16Z" level=info msg="create router" func="main.main()" file="app.go:26"
time="2023-02-14T17:32:16Z" level=info msg="read application configuration" func="github.com/polyfit-live/polyfit/backend/internal/config.GetConfig.func1()" file="config.go:35"
time="2023-02-14T17:32:54Z" level=info msg="create router" func="main.main()" file="app.go:26"
time="2023-02-14T17:32:54Z" level=info msg="read application configuration" func="github.com/polyfit-live/polyfit/backend/internal/config.GetConfig.func1()" file="config.go:35"
time="2023-02-14T17:33:31Z" level=info msg="create router" func="main.main()" file="app.go:26"
time="2023-02-14T17:33:31Z" level=info msg="read application configuration" func="github.com/polyfit-live/polyfit/backend/internal/config.GetConfig.func1()" file="config.go:35"
time="2023-02-14T22:53:48Z" level=info msg="create router" func="main.main()" file="app.go:26"
time="2023-02-14T22:53:48Z" level=info msg="read application configuration" func="github.com/polyfit-live/polyfit/backend/internal/config.GetConfig.func1()" file="config.go:35"
time="2023-02-14T22:55:08Z" level=info msg="create router" func="main.main()" file="app.go:26"
time="2023-02-14T22:55:08Z" level=info msg="read application configuration" func="github.com/polyfit-live/polyfit/backend/internal/config.GetConfig.func1()" file="config.go:35"
time="2023-02-14T22:55:13Z" level=info msg="register workouts handler" func="main.main()" file="app.go:38"
time="2023-02-14T22:55:13Z" level=info msg="register exercise handler" func="main.main()" file="app.go:42"
time="2023-02-14T22:55:13Z" level=info msg="start application" func="main.start()" file="app.go:51"
time="2023-02-14T22:55:13Z" level=info msg="listen tcp" func="main.start()" file="app.go:69"
time="2023-02-14T22:55:13Z" level=info msg="server is listening port :8087" func="main.start()" file="app.go:71"
time="2023-02-14T22:55:58Z" level=trace msg="SQL Query:  SELECT * FROM workout; " func="github.com/polyfit-live/polyfit/backend/internal/workout/db.(*repository).FindAll()" file="postgresql.go:128"
time="2023-02-14T22:57:00Z" level=info msg="create router" func="main.main()" file="app.go:26"
time="2023-02-14T22:57:00Z" level=info msg="read application configuration" func="github.com/polyfit-live/polyfit/backend/internal/config.GetConfig.func1()" file="config.go:35"
time="2023-02-14T22:57:05Z" level=info msg="register workouts handler" func="main.main()" file="app.go:38"
time="2023-02-14T22:57:05Z" level=info msg="register exercise handler" func="main.main()" file="app.go:42"
time="2023-02-14T22:57:05Z" level=info msg="start application" func="main.start()" file="app.go:51"
time="2023-02-14T22:57:05Z" level=info msg="listen tcp" func="main.start()" file="app.go:69"
time="2023-02-14T22:57:05Z" level=info msg="server is listening port :8087" func="main.start()" file="app.go:71"
